<?xml version="1.0" encoding="UTF-8"?>
<!-- Generated by org.testng.reporters.JUnitXMLReporter -->
<testsuite ignored="3" hostname="Abdulraheem" failures="0" tests="5" name="Default test" time="24.144" errors="0" timestamp="2024-06-10T22:07:02 EET">
  <testcase classname="MyTestCases" name="get" time="6.45"/>
  <testcase classname="MyTestCases" name="get" time="4.421"/>
  <testcase classname="MyTestCases" name="get" time="4.284"/>
  <testcase classname="MyTestCases" name="get" time="4.249"/>
  <testcase classname="MyTestCases" name="get" time="4.419"/>
  <testcase classname="MyTestCases" name="update" time="0.0">
    <ignored/>
  </testcase> <!-- update -->
  <testcase classname="MyTestCases" name="delete" time="0.0">
    <ignored/>
  </testcase> <!-- delete -->
  <testcase classname="MyTestCases" name="add" time="0.0">
    <ignored/>
  </testcase> <!-- add -->
</testsuite> <!-- Default test -->
